This is pdfTeX, Version 3.14159265-2.6-1.40.19 (TeX Live 2019/dev/Debian) (preloaded format=pdflatex 2019.9.30)  14 OCT 2020 14:04
entering extended mode
 restricted \write18 enabled.
 %&-line parsing enabled.
**IvozProvider.tex
(./IvozProvider.tex
LaTeX2e <2018-12-01>
(./sphinxmanual.cls
Document Class: sphinxmanual 2009/06/02 Document class (Sphinx manual)
(/usr/share/texlive/texmf-dist/tex/latex/base/report.cls
Document Class: report 2018/09/03 v1.4i Standard LaTeX document class
(/usr/share/texlive/texmf-dist/tex/latex/base/size10.clo
File: size10.clo 2018/09/03 v1.4i Standard LaTeX file (size option)
)
\c@part=\count80
\c@chapter=\count81
\c@section=\count82
\c@subsection=\count83
\c@subsubsection=\count84
\c@paragraph=\count85
\c@subparagraph=\count86
\c@figure=\count87
\c@table=\count88
\abovecaptionskip=\skip41
\belowcaptionskip=\skip42
\bibindent=\dimen102
)) (./iftex.sty
Package: iftex 2013/04/04 v0.2 Provides if(tex) conditional for PDFTeX, XeTeX, 
and LuaTeX
)
(/usr/share/texlive/texmf-dist/tex/latex/base/inputenc.sty
Package: inputenc 2018/08/11 v1.3c Input encoding file
\inpenc@prehook=\toks14
\inpenc@posthook=\toks15
)
   defining Unicode char U+00A0 (decimal 160)

(/usr/share/texlive/texmf-dist/tex/latex/cmap/cmap.sty
Package: cmap 2008/03/06 v1.0h CMap support: searchable PDF
)
(/usr/share/texlive/texmf-dist/tex/latex/base/fontenc.sty
Package: fontenc 2018/08/11 v2.0j Standard LaTeX package

(/usr/share/texlive/texmf-dist/tex/latex/base/t1enc.def
File: t1enc.def 2018/08/11 v2.0j Standard LaTeX file
LaTeX Font Info:    Redeclaring font encoding T1 on input line 48.
)<<t1.cmap>>)
(/usr/share/texlive/texmf-dist/tex/latex/amsmath/amsmath.sty
Package: amsmath 2018/12/01 v2.17b AMS math features
\@mathmargin=\skip43

For additional information on amsmath, use the `?' option.
(/usr/share/texlive/texmf-dist/tex/latex/amsmath/amstext.sty
Package: amstext 2000/06/29 v2.01 AMS text

(/usr/share/texlive/texmf-dist/tex/latex/amsmath/amsgen.sty
File: amsgen.sty 1999/11/30 v2.0 generic functions
\@emptytoks=\toks16
\ex@=\dimen103
))
(/usr/share/texlive/texmf-dist/tex/latex/amsmath/amsbsy.sty
Package: amsbsy 1999/11/29 v1.2d Bold Symbols
\pmbraise@=\dimen104
)
(/usr/share/texlive/texmf-dist/tex/latex/amsmath/amsopn.sty
Package: amsopn 2016/03/08 v2.02 operator names
)
\inf@bad=\count89
LaTeX Info: Redefining \frac on input line 223.
\uproot@=\count90
\leftroot@=\count91
LaTeX Info: Redefining \overline on input line 385.
\classnum@=\count92
\DOTSCASE@=\count93
LaTeX Info: Redefining \ldots on input line 482.
LaTeX Info: Redefining \dots on input line 485.
LaTeX Info: Redefining \cdots on input line 606.
\Mathstrutbox@=\box27
\strutbox@=\box28
\big@size=\dimen105
LaTeX Font Info:    Redeclaring font encoding OML on input line 729.
LaTeX Font Info:    Redeclaring font encoding OMS on input line 730.
\macc@depth=\count94
\c@MaxMatrixCols=\count95
\dotsspace@=\muskip10
\c@parentequation=\count96
\dspbrk@lvl=\count97
\tag@help=\toks17
\row@=\count98
\column@=\count99
\maxfields@=\count100
\andhelp@=\toks18
\eqnshift@=\dimen106
\alignsep@=\dimen107
\tagshift@=\dimen108
\tagwidth@=\dimen109
\totwidth@=\dimen110
\lineht@=\dimen111
\@envbody=\toks19
\multlinegap=\skip44
\multlinetaggap=\skip45
\mathdisplay@stack=\toks20
LaTeX Info: Redefining \[ on input line 2844.
LaTeX Info: Redefining \] on input line 2845.
)
(/usr/share/texlive/texmf-dist/tex/latex/amsfonts/amssymb.sty
Package: amssymb 2013/01/14 v3.01 AMS font symbols

(/usr/share/texlive/texmf-dist/tex/latex/amsfonts/amsfonts.sty
Package: amsfonts 2013/01/14 v3.01 Basic AMSFonts support
\symAMSa=\mathgroup4
\symAMSb=\mathgroup5
LaTeX Font Info:    Overwriting math alphabet `\mathfrak' in version `bold'
(Font)                  U/euf/m/n --> U/euf/b/n on input line 106.
))
(/usr/share/texlive/texmf-dist/tex/generic/babel/babel.sty
Package: babel 2018/11/13 3.27 The Babel package

(/usr/share/texlive/texmf-dist/tex/generic/babel/switch.def
File: switch.def 2018/11/13 3.27 Babel switching mechanism
)
(/usr/share/texlive/texmf-dist/tex/generic/babel-english/english.ldf
Language: english 2017/06/06 v3.3r English support from the babel system

(/usr/share/texlive/texmf-dist/tex/generic/babel/babel.def
File: babel.def 2018/11/13 3.27 Babel common definitions
\babel@savecnt=\count101
\U@D=\dimen112

(/usr/share/texlive/texmf-dist/tex/generic/babel/txtbabel.def)
\bbl@dirlevel=\count102
)
\l@british = a dialect from \language\l@english 
\l@UKenglish = a dialect from \language\l@english 
\l@canadian = a dialect from \language\l@american 
\l@australian = a dialect from \language\l@british 
\l@newzealand = a dialect from \language\l@british 
))
(/usr/share/texlive/texmf-dist/tex/latex/psnfss/times.sty
Package: times 2005/04/12 PSNFSS-v9.2a (SPQR) 
)
(/usr/share/texlive/texmf-dist/tex/latex/fncychap/fncychap.sty
Package: fncychap 2007/07/30 v1.34 LaTeX package (Revised chapters)
\RW=\skip46
\mylen=\skip47
\myhi=\skip48
\px=\skip49
\py=\skip50
\pyy=\skip51
\pxx=\skip52
)
(/usr/share/texlive/texmf-dist/tex/latex/tools/longtable.sty
Package: longtable 2014/10/28 v4.11 Multi-page Table package (DPC)+ FMi change
\LTleft=\skip53
\LTright=\skip54
\LTpre=\skip55
\LTpost=\skip56
\LTchunksize=\count103
\LTcapwidth=\dimen113
\LT@head=\box29
\LT@firsthead=\box30
\LT@foot=\box31
\LT@lastfoot=\box32
\LT@cols=\count104
\LT@rows=\count105
\c@LT@tables=\count106
\c@LT@chunks=\count107
\LT@p@ftn=\toks21
) (./sphinx.sty
Package: sphinx 2010/01/15 LaTeX package (Sphinx markup)

(/usr/share/texlive/texmf-dist/tex/latex/fancyhdr/fancyhdr.sty
Package: fancyhdr 2019/01/31 v3.10 Extensive control of page headers and footer
s
\f@nch@headwidth=\skip57
\f@nch@O@elh=\skip58
\f@nch@O@erh=\skip59
\f@nch@O@olh=\skip60
\f@nch@O@orh=\skip61
\f@nch@O@elf=\skip62
\f@nch@O@erf=\skip63
\f@nch@O@olf=\skip64
\f@nch@O@orf=\skip65
)
(/usr/share/texlive/texmf-dist/tex/latex/base/textcomp.sty
Package: textcomp 2018/08/11 v2.0j Standard LaTeX package
Package textcomp Info: Sub-encoding information:
(textcomp)               5 = only ISO-Adobe without \textcurrency
(textcomp)               4 = 5 + \texteuro
(textcomp)               3 = 4 + \textohm
(textcomp)               2 = 3 + \textestimated + \textcurrency
(textcomp)               1 = TS1 - \textcircled - \t
(textcomp)               0 = TS1 (full)
(textcomp)             Font families with sub-encoding setting implement
(textcomp)             only a restricted character set as indicated.
(textcomp)             Family '?' is the default used for unknown fonts.
(textcomp)             See the documentation for details.
Package textcomp Info: Setting ? sub-encoding to TS1/1 on input line 79.

(/usr/share/texlive/texmf-dist/tex/latex/base/ts1enc.def
File: ts1enc.def 2001/06/05 v3.0e (jk/car/fm) Standard LaTeX file
Now handling font encoding TS1 ...
... processing UTF-8 mapping file for font encoding TS1

(/usr/share/texlive/texmf-dist/tex/latex/base/ts1enc.dfu
File: ts1enc.dfu 2018/10/05 v1.2f UTF-8 support for inputenc
   defining Unicode char U+00A2 (decimal 162)
   defining Unicode char U+00A3 (decimal 163)
   defining Unicode char U+00A4 (decimal 164)
   defining Unicode char U+00A5 (decimal 165)
   defining Unicode char U+00A6 (decimal 166)
   defining Unicode char U+00A7 (decimal 167)
   defining Unicode char U+00A8 (decimal 168)
   defining Unicode char U+00A9 (decimal 169)
   defining Unicode char U+00AA (decimal 170)
   defining Unicode char U+00AC (decimal 172)
   defining Unicode char U+00AE (decimal 174)
   defining Unicode char U+00AF (decimal 175)
   defining Unicode char U+00B0 (decimal 176)
   defining Unicode char U+00B1 (decimal 177)
   defining Unicode char U+00B2 (decimal 178)
   defining Unicode char U+00B3 (decimal 179)
   defining Unicode char U+00B4 (decimal 180)
   defining Unicode char U+00B5 (decimal 181)
   defining Unicode char U+00B6 (decimal 182)
   defining Unicode char U+00B7 (decimal 183)
   defining Unicode char U+00B9 (decimal 185)
   defining Unicode char U+00BA (decimal 186)
   defining Unicode char U+00BC (decimal 188)
   defining Unicode char U+00BD (decimal 189)
   defining Unicode char U+00BE (decimal 190)
   defining Unicode char U+00D7 (decimal 215)
   defining Unicode char U+00F7 (decimal 247)
   defining Unicode char U+0192 (decimal 402)
   defining Unicode char U+02C7 (decimal 711)
   defining Unicode char U+02D8 (decimal 728)
   defining Unicode char U+02DD (decimal 733)
   defining Unicode char U+0E3F (decimal 3647)
   defining Unicode char U+2016 (decimal 8214)
   defining Unicode char U+2020 (decimal 8224)
   defining Unicode char U+2021 (decimal 8225)
   defining Unicode char U+2022 (decimal 8226)
   defining Unicode char U+2030 (decimal 8240)
   defining Unicode char U+2031 (decimal 8241)
   defining Unicode char U+203B (decimal 8251)
   defining Unicode char U+203D (decimal 8253)
   defining Unicode char U+2044 (decimal 8260)
   defining Unicode char U+204E (decimal 8270)
   defining Unicode char U+2052 (decimal 8274)
   defining Unicode char U+20A1 (decimal 8353)
   defining Unicode char U+20A4 (decimal 8356)
   defining Unicode char U+20A6 (decimal 8358)
   defining Unicode char U+20A9 (decimal 8361)
   defining Unicode char U+20AB (decimal 8363)
   defining Unicode char U+20AC (decimal 8364)
   defining Unicode char U+20B1 (decimal 8369)
   defining Unicode char U+2103 (decimal 8451)
   defining Unicode char U+2116 (decimal 8470)
   defining Unicode char U+2117 (decimal 8471)
   defining Unicode char U+211E (decimal 8478)
   defining Unicode char U+2120 (decimal 8480)
   defining Unicode char U+2122 (decimal 8482)
   defining Unicode char U+2126 (decimal 8486)
   defining Unicode char U+2127 (decimal 8487)
   defining Unicode char U+212E (decimal 8494)
   defining Unicode char U+2190 (decimal 8592)
   defining Unicode char U+2191 (decimal 8593)
   defining Unicode char U+2192 (decimal 8594)
   defining Unicode char U+2193 (decimal 8595)
   defining Unicode char U+2329 (decimal 9001)
   defining Unicode char U+232A (decimal 9002)
   defining Unicode char U+2422 (decimal 9250)
   defining Unicode char U+25E6 (decimal 9702)
   defining Unicode char U+25EF (decimal 9711)
   defining Unicode char U+266A (decimal 9834)
   defining Unicode char U+FEFF (decimal 65279)
))
LaTeX Info: Redefining \oldstylenums on input line 334.
Package textcomp Info: Setting cmr sub-encoding to TS1/0 on input line 349.
Package textcomp Info: Setting cmss sub-encoding to TS1/0 on input line 350.
Package textcomp Info: Setting cmtt sub-encoding to TS1/0 on input line 351.
Package textcomp Info: Setting cmvtt sub-encoding to TS1/0 on input line 352.
Package textcomp Info: Setting cmbr sub-encoding to TS1/0 on input line 353.
Package textcomp Info: Setting cmtl sub-encoding to TS1/0 on input line 354.
Package textcomp Info: Setting ccr sub-encoding to TS1/0 on input line 355.
Package textcomp Info: Setting ptm sub-encoding to TS1/4 on input line 356.
Package textcomp Info: Setting pcr sub-encoding to TS1/4 on input line 357.
Package textcomp Info: Setting phv sub-encoding to TS1/4 on input line 358.
Package textcomp Info: Setting ppl sub-encoding to TS1/3 on input line 359.
Package textcomp Info: Setting pag sub-encoding to TS1/4 on input line 360.
Package textcomp Info: Setting pbk sub-encoding to TS1/4 on input line 361.
Package textcomp Info: Setting pnc sub-encoding to TS1/4 on input line 362.
Package textcomp Info: Setting pzc sub-encoding to TS1/4 on input line 363.
Package textcomp Info: Setting bch sub-encoding to TS1/4 on input line 364.
Package textcomp Info: Setting put sub-encoding to TS1/5 on input line 365.
Package textcomp Info: Setting uag sub-encoding to TS1/5 on input line 366.
Package textcomp Info: Setting ugq sub-encoding to TS1/5 on input line 367.
Package textcomp Info: Setting ul8 sub-encoding to TS1/4 on input line 368.
Package textcomp Info: Setting ul9 sub-encoding to TS1/4 on input line 369.
Package textcomp Info: Setting augie sub-encoding to TS1/5 on input line 370.
Package textcomp Info: Setting dayrom sub-encoding to TS1/3 on input line 371.
Package textcomp Info: Setting dayroms sub-encoding to TS1/3 on input line 372.

Package textcomp Info: Setting pxr sub-encoding to TS1/0 on input line 373.
Package textcomp Info: Setting pxss sub-encoding to TS1/0 on input line 374.
Package textcomp Info: Setting pxtt sub-encoding to TS1/0 on input line 375.
Package textcomp Info: Setting txr sub-encoding to TS1/0 on input line 376.
Package textcomp Info: Setting txss sub-encoding to TS1/0 on input line 377.
Package textcomp Info: Setting txtt sub-encoding to TS1/0 on input line 378.
Package textcomp Info: Setting lmr sub-encoding to TS1/0 on input line 379.
Package textcomp Info: Setting lmdh sub-encoding to TS1/0 on input line 380.
Package textcomp Info: Setting lmss sub-encoding to TS1/0 on input line 381.
Package textcomp Info: Setting lmssq sub-encoding to TS1/0 on input line 382.
Package textcomp Info: Setting lmvtt sub-encoding to TS1/0 on input line 383.
Package textcomp Info: Setting lmtt sub-encoding to TS1/0 on input line 384.
Package textcomp Info: Setting qhv sub-encoding to TS1/0 on input line 385.
Package textcomp Info: Setting qag sub-encoding to TS1/0 on input line 386.
Package textcomp Info: Setting qbk sub-encoding to TS1/0 on input line 387.
Package textcomp Info: Setting qcr sub-encoding to TS1/0 on input line 388.
Package textcomp Info: Setting qcs sub-encoding to TS1/0 on input line 389.
Package textcomp Info: Setting qpl sub-encoding to TS1/0 on input line 390.
Package textcomp Info: Setting qtm sub-encoding to TS1/0 on input line 391.
Package textcomp Info: Setting qzc sub-encoding to TS1/0 on input line 392.
Package textcomp Info: Setting qhvc sub-encoding to TS1/0 on input line 393.
Package textcomp Info: Setting futs sub-encoding to TS1/4 on input line 394.
Package textcomp Info: Setting futx sub-encoding to TS1/4 on input line 395.
Package textcomp Info: Setting futj sub-encoding to TS1/4 on input line 396.
Package textcomp Info: Setting hlh sub-encoding to TS1/3 on input line 397.
Package textcomp Info: Setting hls sub-encoding to TS1/3 on input line 398.
Package textcomp Info: Setting hlst sub-encoding to TS1/3 on input line 399.
Package textcomp Info: Setting hlct sub-encoding to TS1/5 on input line 400.
Package textcomp Info: Setting hlx sub-encoding to TS1/5 on input line 401.
Package textcomp Info: Setting hlce sub-encoding to TS1/5 on input line 402.
Package textcomp Info: Setting hlcn sub-encoding to TS1/5 on input line 403.
Package textcomp Info: Setting hlcw sub-encoding to TS1/5 on input line 404.
Package textcomp Info: Setting hlcf sub-encoding to TS1/5 on input line 405.
Package textcomp Info: Setting pplx sub-encoding to TS1/3 on input line 406.
Package textcomp Info: Setting pplj sub-encoding to TS1/3 on input line 407.
Package textcomp Info: Setting ptmx sub-encoding to TS1/4 on input line 408.
Package textcomp Info: Setting ptmj sub-encoding to TS1/4 on input line 409.
)
(/usr/share/texlive/texmf-dist/tex/latex/fancybox/fancybox.sty
Package: fancybox 2010/05/15 1.4

Style option: `fancybox' v1.4 <2010/05/15> (tvz)
\@fancybox=\box33
\shadowsize=\dimen114
\@Sbox=\box34
\do@VerbBox=\toks22
\the@fancyput=\toks23
\this@fancyput=\toks24
\EndVerbatimTokens=\toks25
\Verbatim@Outfile=\write3
\Verbatim@Infile=\read1
) (/usr/share/texlive/texmf-dist/tex/latex/titlesec/titlesec.sty
Package: titlesec 2016/03/21 v2.10.2 Sectioning titles
\ttl@box=\box35
\beforetitleunit=\skip66
\aftertitleunit=\skip67
\ttl@plus=\dimen115
\ttl@minus=\dimen116
\ttl@toksa=\toks26
\titlewidth=\dimen117
\titlewidthlast=\dimen118
\titlewidthfirst=\dimen119
)
(./tabulary.sty
Package: tabulary 2008/12/01 v0.9 tabulary package (DPC)
 (/usr/share/texlive/texmf-dist/tex/latex/tools/array.sty
Package: array 2018/12/30 v2.4k Tabular extension package (FMi)
\col@sep=\dimen120
\ar@mcellbox=\box36
\extrarowheight=\dimen121
\NC@list=\toks27
\extratabsurround=\skip68
\backup@length=\skip69
\ar@cellbox=\box37
)
\TY@count=\count108
\TY@linewidth=\dimen122
\tymin=\dimen123
\tymax=\dimen124
\TY@tablewidth=\dimen125
)
(/usr/share/texlive/texmf-dist/tex/latex/base/makeidx.sty
Package: makeidx 2014/09/29 v1.0m Standard LaTeX package
)
(/usr/share/texlive/texmf-dist/tex/latex/framed/framed.sty
Package: framed 2011/10/22 v 0.96: framed or shaded text with page breaks
\OuterFrameSep=\skip70
\fb@frw=\dimen126
\fb@frh=\dimen127
\FrameRule=\dimen128
\FrameSep=\dimen129
)
(/usr/share/texlive/texmf-dist/tex/latex/base/ifthen.sty
Package: ifthen 2014/09/29 v1.1c Standard LaTeX ifthen package (DPC)
)
(/usr/share/texlive/texmf-dist/tex/latex/xcolor/xcolor.sty
Package: xcolor 2016/05/11 v2.12 LaTeX color extensions (UK)

(/usr/share/texlive/texmf-dist/tex/latex/graphics-cfg/color.cfg
File: color.cfg 2016/01/02 v1.6 sample color configuration
)
Package xcolor Info: Driver file: pdftex.def on input line 225.

(/usr/share/texlive/texmf-dist/tex/latex/graphics-def/pdftex.def
File: pdftex.def 2018/01/08 v1.0l Graphics/color driver for pdftex
)
Package xcolor Info: Model `cmy' substituted by `cmy0' on input line 1348.
Package xcolor Info: Model `hsb' substituted by `rgb' on input line 1352.
Package xcolor Info: Model `RGB' extended on input line 1364.
Package xcolor Info: Model `HTML' substituted by `rgb' on input line 1366.
Package xcolor Info: Model `Hsb' substituted by `hsb' on input line 1367.
Package xcolor Info: Model `tHsb' substituted by `hsb' on input line 1368.
Package xcolor Info: Model `HSB' substituted by `hsb' on input line 1369.
Package xcolor Info: Model `Gray' substituted by `gray' on input line 1370.
Package xcolor Info: Model `wave' substituted by `hsb' on input line 1371.
)
(/usr/share/texlive/texmf-dist/tex/latex/fancyvrb/fancyvrb.sty
Package: fancyvrb 2019/01/15

Style option: `fancyvrb' v3.2a <2019/01/15> (tvz)
(/usr/share/texlive/texmf-dist/tex/latex/graphics/keyval.sty
Package: keyval 2014/10/28 v1.15 key=value parser (DPC)
\KV@toks@=\toks28
)
\FV@CodeLineNo=\count109
\FV@InFile=\read2
\FV@TabBox=\box38
\c@FancyVerbLine=\count110
\FV@StepNumber=\count111
\FV@OutFile=\write4
LaTeX Info: Redefining \UseVerb on input line 1201.
)
(/usr/share/texlive/texmf-dist/tex/latex/threeparttable/threeparttable.sty
Package: threeparttable 2003/06/13  v 3.0
\@tempboxb=\box39
)
(/usr/share/texlive/texmf-dist/tex/latex/mdwtools/footnote.sty
Package: footnote 1997/01/28 1.13 Save footnotes around boxes
\fn@notes=\box40
\fn@width=\dimen130
)
(/usr/share/texlive/texmf-dist/tex/latex/wrapfig/wrapfig.sty
\wrapoverhang=\dimen131
\WF@size=\dimen132
\c@WF@wrappedlines=\count112
\WF@box=\box41
\WF@everypar=\toks29
Package: wrapfig 2003/01/31  v 3.6
)
(/usr/share/texlive/texmf-dist/tex/latex/parskip/parskip.sty
Package: parskip 2019-01-16 v2.0c non-zero parskip adjustments

(/usr/share/texlive/texmf-dist/tex/latex/oberdiek/kvoptions.sty
Package: kvoptions 2016/05/16 v3.12 Key value format for package options (HO)

(/usr/share/texlive/texmf-dist/tex/generic/oberdiek/ltxcmds.sty
Package: ltxcmds 2016/05/16 v1.23 LaTeX kernel commands for general use (HO)
)
(/usr/share/texlive/texmf-dist/tex/generic/oberdiek/kvsetkeys.sty
Package: kvsetkeys 2016/05/16 v1.17 Key value parser (HO)

(/usr/share/texlive/texmf-dist/tex/generic/oberdiek/infwarerr.sty
Package: infwarerr 2016/05/16 v1.4 Providing info/warning/error messages (HO)
)
(/usr/share/texlive/texmf-dist/tex/generic/oberdiek/etexcmds.sty
Package: etexcmds 2016/05/16 v1.6 Avoid name clashes with e-TeX commands (HO)

(/usr/share/texlive/texmf-dist/tex/generic/oberdiek/ifluatex.sty
Package: ifluatex 2016/05/16 v1.4 Provides the ifluatex switch (HO)
Package ifluatex Info: LuaTeX not detected.
))))
(/usr/share/texlive/texmf-dist/tex/latex/etoolbox/etoolbox.sty
Package: etoolbox 2018/08/19 v2.5f e-TeX tools for LaTeX (JAW)
\etb@tempcnta=\count113
))
(/usr/share/texlive/texmf-dist/tex/latex/base/alltt.sty
Package: alltt 1997/06/16 v2.0g defines alltt environment
)
(/usr/share/texlive/texmf-dist/tex/latex/upquote/upquote.sty
Package: upquote 2012/04/19 v1.3 upright-quote and grave-accent glyphs in verba
tim
)
(/usr/share/texlive/texmf-dist/tex/latex/float/float.sty
Package: float 2001/11/08 v1.3d Float enhancements (AL)
\c@float@type=\count114
\float@exts=\toks30
\float@box=\box42
\@float@everytoks=\toks31
\@floatcapt=\box43
)
(/usr/share/texlive/texmf-dist/tex/latex/graphics/graphicx.sty
Package: graphicx 2017/06/01 v1.1a Enhanced LaTeX Graphics (DPC,SPQR)

(/usr/share/texlive/texmf-dist/tex/latex/graphics/graphics.sty
Package: graphics 2017/06/25 v1.2c Standard LaTeX Graphics (DPC,SPQR)

(/usr/share/texlive/texmf-dist/tex/latex/graphics/trig.sty
Package: trig 2016/01/03 v1.10 sin cos tan (DPC)
)
(/usr/share/texlive/texmf-dist/tex/latex/graphics-cfg/graphics.cfg
File: graphics.cfg 2016/06/04 v1.11 sample graphics configuration
)
Package graphics Info: Driver file: pdftex.def on input line 99.
)
\Gin@req@height=\dimen133
\Gin@req@width=\dimen134
)
(/usr/share/texlive/texmf-dist/tex/generic/pdftex/pdfcolor.tex)
\sphinxcontinuationbox=\box44
\sphinxvisiblespacebox=\box45
\sphinxshadowsep=\skip71
\sphinxshadowsize=\skip72
\sphinxshadowrule=\skip73
\py@argswidth=\skip74
\lineblockindentation=\skip75
\spx@image@box=\box46

(/usr/share/texlive/texmf-dist/tex/latex/hyperref/hyperref.sty
Package: hyperref 2018/11/30 v6.88e Hypertext links for LaTeX

(/usr/share/texlive/texmf-dist/tex/generic/oberdiek/hobsub-hyperref.sty
Package: hobsub-hyperref 2016/05/16 v1.14 Bundle oberdiek, subset hyperref (HO)


(/usr/share/texlive/texmf-dist/tex/generic/oberdiek/hobsub-generic.sty
Package: hobsub-generic 2016/05/16 v1.14 Bundle oberdiek, subset generic (HO)
Package: hobsub 2016/05/16 v1.14 Construct package bundles (HO)
Package hobsub Info: Skipping package `infwarerr' (already loaded).
Package hobsub Info: Skipping package `ltxcmds' (already loaded).
Package hobsub Info: Skipping package `ifluatex' (already loaded).
Package: ifvtex 2016/05/16 v1.6 Detect VTeX and its facilities (HO)
Package ifvtex Info: VTeX not detected.
Package: intcalc 2016/05/16 v1.2 Expandable calculations with integers (HO)
Package: ifpdf 2018/09/07 v3.3 Provides the ifpdf switch
Package hobsub Info: Skipping package `etexcmds' (already loaded).
Package hobsub Info: Skipping package `kvsetkeys' (already loaded).
Package: kvdefinekeys 2016/05/16 v1.4 Define keys (HO)
Package: pdftexcmds 2018/09/10 v0.29 Utility functions of pdfTeX for LuaTeX (HO
)
Package pdftexcmds Info: LuaTeX not detected.
Package pdftexcmds Info: \pdf@primitive is available.
Package pdftexcmds Info: \pdf@ifprimitive is available.
Package pdftexcmds Info: \pdfdraftmode found.
Package: pdfescape 2016/05/16 v1.14 Implements pdfTeX's escape features (HO)
Package: bigintcalc 2016/05/16 v1.4 Expandable calculations on big integers (HO
)
Package: bitset 2016/05/16 v1.2 Handle bit-vector datatype (HO)
Package: uniquecounter 2016/05/16 v1.3 Provide unlimited unique counter (HO)
)
Package hobsub Info: Skipping package `hobsub' (already loaded).
Package: letltxmacro 2016/05/16 v1.5 Let assignment for LaTeX macros (HO)
Package: hopatch 2016/05/16 v1.3 Wrapper for package hooks (HO)
Package: xcolor-patch 2016/05/16 xcolor patch
Package: atveryend 2016/05/16 v1.9 Hooks at the very end of document (HO)
Package: atbegshi 2016/06/09 v1.18 At begin shipout hook (HO)
Package: refcount 2016/05/16 v3.5 Data extraction from label references (HO)
Package: hycolor 2016/05/16 v1.8 Color options for hyperref/bookmark (HO)
)
(/usr/share/texlive/texmf-dist/tex/generic/ifxetex/ifxetex.sty
Package: ifxetex 2010/09/12 v0.6 Provides ifxetex conditional
)
(/usr/share/texlive/texmf-dist/tex/latex/oberdiek/auxhook.sty
Package: auxhook 2016/05/16 v1.4 Hooks for auxiliary files (HO)
)
\@linkdim=\dimen135
\Hy@linkcounter=\count115
\Hy@pagecounter=\count116

(/usr/share/texlive/texmf-dist/tex/latex/hyperref/pd1enc.def
File: pd1enc.def 2018/11/30 v6.88e Hyperref: PDFDocEncoding definition (HO)
Now handling font encoding PD1 ...
... no UTF-8 mapping file for font encoding PD1
)
\Hy@SavedSpaceFactor=\count117

(/usr/share/texlive/texmf-dist/tex/latex/latexconfig/hyperref.cfg
File: hyperref.cfg 2002/06/06 v1.2 hyperref configuration of TeXLive
)
Package hyperref Info: Option `unicode' set `true' on input line 4393.

(/usr/share/texlive/texmf-dist/tex/latex/hyperref/puenc.def
File: puenc.def 2018/11/30 v6.88e Hyperref: PDF Unicode definition (HO)
Now handling font encoding PU ...
... no UTF-8 mapping file for font encoding PU
)
Package hyperref Info: Option `colorlinks' set `true' on input line 4393.
Package hyperref Info: Option `breaklinks' set `true' on input line 4393.
Package hyperref Info: Hyper figures OFF on input line 4519.
Package hyperref Info: Link nesting OFF on input line 4524.
Package hyperref Info: Hyper index ON on input line 4527.
Package hyperref Info: Plain pages OFF on input line 4534.
Package hyperref Info: Backreferencing OFF on input line 4539.
Package hyperref Info: Implicit mode ON; LaTeX internals redefined.
Package hyperref Info: Bookmarks ON on input line 4772.
\c@Hy@tempcnt=\count118

(/usr/share/texlive/texmf-dist/tex/latex/url/url.sty
\Urlmuskip=\muskip11
Package: url 2013/09/16  ver 3.4  Verb mode for urls, etc.
)
LaTeX Info: Redefining \url on input line 5125.
\XeTeXLinkMargin=\dimen136
\Fld@menulength=\count119
\Field@Width=\dimen137
\Fld@charsize=\dimen138
Package hyperref Info: Hyper figures OFF on input line 6380.
Package hyperref Info: Link nesting OFF on input line 6385.
Package hyperref Info: Hyper index ON on input line 6388.
Package hyperref Info: backreferencing OFF on input line 6395.
Package hyperref Info: Link coloring ON on input line 6398.
Package hyperref Info: Link coloring with OCG OFF on input line 6405.
Package hyperref Info: PDF/A mode OFF on input line 6410.
LaTeX Info: Redefining \ref on input line 6450.
LaTeX Info: Redefining \pageref on input line 6454.
\Hy@abspage=\count120
\c@Item=\count121
\c@Hfootnote=\count122
)
Package hyperref Info: Driver (autodetected): hpdftex.

(/usr/share/texlive/texmf-dist/tex/latex/hyperref/hpdftex.def
File: hpdftex.def 2018/11/30 v6.88e Hyperref driver for pdfTeX
\Fld@listcount=\count123
\c@bookmark@seq@number=\count124

(/usr/share/texlive/texmf-dist/tex/latex/oberdiek/rerunfilecheck.sty
Package: rerunfilecheck 2016/05/16 v1.8 Rerun checks for auxiliary files (HO)
Package uniquecounter Info: New unique counter `rerunfilecheck' on input line 2
82.
)
\Hy@SectionHShift=\skip76
)
(/usr/share/texlive/texmf-dist/tex/latex/oberdiek/hypcap.sty
Package: hypcap 2016/05/16 v1.12 Adjusting the anchors of captions (HO)
)
\DUlineblockindent=\skip77

(/usr/share/texlive/texmf-dist/tex/latex/caption/newfloat.sty
Package: newfloat 2018/03/04 v1.1a Defining new floating environments (AR)
)
Package newfloat Info: New float `literal-block' with options `' on input line 
874.
\c@literal-block=\count125
Package newfloat Info: float type `literal-block'=4 on input line 874.

(/usr/share/texlive/texmf-dist/tex/latex/capt-of/capt-of.sty
Package: capt-of 2009/12/29 v0.2 standard captions outside of floats
)
(/usr/share/texlive/texmf-dist/tex/latex/needspace/needspace.sty
Package: needspace 2010/09/12 v1.3d reserve vertical space
)
** (sphinx) defining (legacy) text style macros without \sphinx prefix
** if clashes with packages, set latex_keep_old_macro_names=False in conf.py
) (/usr/share/texlive/texmf-dist/tex/latex/multirow/multirow.sty
Package: multirow 2019/01/01 v2.4 Span multiple rows of a table
\multirow@colwidth=\skip78
\multirow@cntb=\count126
\multirow@dima=\skip79
\bigstrutjot=\dimen139
)
(/usr/share/texlive/texmf-dist/tex/latex/eqparbox/eqparbox.sty
Package: eqparbox 2017/09/03 v4.1 Create equal-widthed boxes
\eqp@tempdima=\skip80
\eqp@tempdimb=\skip81
\eqp@tabular@box=\box47
\eqp@list@box=\box48
\eqp@list@indent=\skip82

(/usr/share/texlive/texmf-dist/tex/latex/environ/environ.sty
Package: environ 2014/05/04 v0.3 A new way to define environments

(/usr/share/texlive/texmf-dist/tex/latex/trimspaces/trimspaces.sty
Package: trimspaces 2009/09/17 v1.1 Trim spaces around a token list
)))
\@indexfile=\write5
\openout5 = `IvozProvider.idx'.


Writing index file IvozProvider.idx
No file IvozProvider.aux.
\openout1 = `IvozProvider.aux'.

LaTeX Font Info:    Checking defaults for OML/cmm/m/it on input line 145.
LaTeX Font Info:    ... okay on input line 145.
LaTeX Font Info:    Checking defaults for T1/cmr/m/n on input line 145.
LaTeX Font Info:    ... okay on input line 145.
LaTeX Font Info:    Checking defaults for OT1/cmr/m/n on input line 145.
LaTeX Font Info:    ... okay on input line 145.
LaTeX Font Info:    Checking defaults for OMS/cmsy/m/n on input line 145.
LaTeX Font Info:    ... okay on input line 145.
LaTeX Font Info:    Checking defaults for OMX/cmex/m/n on input line 145.
LaTeX Font Info:    ... okay on input line 145.
LaTeX Font Info:    Checking defaults for U/cmr/m/n on input line 145.
LaTeX Font Info:    ... okay on input line 145.
LaTeX Font Info:    Checking defaults for TS1/cmr/m/n on input line 145.
LaTeX Font Info:    Try loading font information for TS1+cmr on input line 145.

(/usr/share/texlive/texmf-dist/tex/latex/base/ts1cmr.fd
File: ts1cmr.fd 2014/09/29 v2.5h Standard LaTeX font definitions
)
LaTeX Font Info:    ... okay on input line 145.
LaTeX Font Info:    Checking defaults for PD1/pdf/m/n on input line 145.
LaTeX Font Info:    ... okay on input line 145.
LaTeX Font Info:    Checking defaults for PU/pdf/m/n on input line 145.
LaTeX Font Info:    ... okay on input line 145.
LaTeX Font Info:    Try loading font information for T1+ptm on input line 145.

(/usr/share/texlive/texmf-dist/tex/latex/psnfss/t1ptm.fd
File: t1ptm.fd 2001/06/04 font definitions for T1/ptm.
)
(/usr/share/texlive/texmf-dist/tex/context/base/mkii/supp-pdf.mkii
[Loading MPS to PDF converter (version 2006.09.02).]
\scratchcounter=\count127
\scratchdimen=\dimen140
\scratchbox=\box49
\nofMPsegments=\count128
\nofMParguments=\count129
\everyMPshowfont=\toks32
\MPscratchCnt=\count130
\MPscratchDim=\dimen141
\MPnumerator=\count131
\makeMPintoPDFobject=\count132
\everyMPtoPDFconversion=\toks33
) (/usr/share/texlive/texmf-dist/tex/latex/oberdiek/epstopdf-base.sty
Package: epstopdf-base 2016/05/15 v2.6 Base part for package epstopdf

(/usr/share/texlive/texmf-dist/tex/latex/oberdiek/grfext.sty
Package: grfext 2016/05/16 v1.2 Manage graphics extensions (HO)
)
Package epstopdf-base Info: Redefining graphics rule for `.eps' on input line 4
38.
Package grfext Info: Graphics extension search list:
(grfext)             [.pdf,.png,.jpg,.mps,.jpeg,.jbig2,.jb2,.PDF,.PNG,.JPG,.JPE
G,.JBIG2,.JB2,.eps]
(grfext)             \AppendGraphicsExtensions on input line 456.

(/usr/share/texlive/texmf-dist/tex/latex/latexconfig/epstopdf-sys.cfg
File: epstopdf-sys.cfg 2010/07/13 v1.3 Configuration of (r)epstopdf for TeX Liv
e
))
\AtBeginShipoutBox=\box50
Package hyperref Info: Link coloring ON on input line 145.

(/usr/share/texlive/texmf-dist/tex/latex/hyperref/nameref.sty
Package: nameref 2016/05/21 v2.44 Cross-referencing by name of section

(/usr/share/texlive/texmf-dist/tex/generic/oberdiek/gettitlestring.sty
Package: gettitlestring 2016/05/16 v1.5 Cleanup title references (HO)
)
\c@section@level=\count133
)
LaTeX Info: Redefining \ref on input line 145.
LaTeX Info: Redefining \pageref on input line 145.
LaTeX Info: Redefining \nameref on input line 145.
\@outlinefile=\write6
\openout6 = `IvozProvider.out'.

LaTeX Font Info:    Try loading font information for T1+phv on input line 148.

(/usr/share/texlive/texmf-dist/tex/latex/psnfss/t1phv.fd
File: t1phv.fd 2001/06/04 scalable font definitions for T1/phv.
)
LaTeX Font Info:    Font shape `T1/phv/bx/n' in size <10> not available
(Font)              Font shape `T1/phv/b/n' tried instead on input line 148.
LaTeX Font Info:    Font shape `T1/phv/bx/n' in size <24.88> not available
(Font)              Font shape `T1/phv/b/n' tried instead on input line 148.
LaTeX Font Info:    Font shape `T1/phv/bx/it' in size <10> not available
(Font)              Font shape `T1/phv/b/it' tried instead on input line 148.
LaTeX Font Info:    Font shape `T1/phv/b/it' in size <10> not available
(Font)              Font shape `T1/phv/b/sl' tried instead on input line 148.
LaTeX Font Info:    Font shape `T1/phv/bx/it' in size <17.28> not available
(Font)              Font shape `T1/phv/b/it' tried instead on input line 148.
LaTeX Font Info:    Font shape `T1/phv/b/it' in size <17.28> not available
(Font)              Font shape `T1/phv/b/sl' tried instead on input line 148.
LaTeX Font Info:    Font shape `T1/phv/bx/n' in size <17.28> not available
(Font)              Font shape `T1/phv/b/n' tried instead on input line 148.
<<ot1.cmap>><<oml.cmap>><<oms.cmap>><<omx.cmap>>
LaTeX Font Info:    Try loading font information for U+msa on input line 148.

(/usr/share/texlive/texmf-dist/tex/latex/amsfonts/umsa.fd
File: umsa.fd 2013/01/14 v3.01 AMS symbols A
)
LaTeX Font Info:    Try loading font information for U+msb on input line 148.

(/usr/share/texlive/texmf-dist/tex/latex/amsfonts/umsb.fd
File: umsb.fd 2013/01/14 v3.01 AMS symbols B
)
LaTeX Font Info:    Font shape `T1/phv/bx/n' in size <12> not available
(Font)              Font shape `T1/phv/b/n' tried instead on input line 148.
 [1

{/var/lib/texmf/fonts/map/pdftex/updmap/pdftex.map}] [2

]
\tf@toc=\write7
\openout7 = `IvozProvider.toc'.

 [1

] [2

]
Chapter 1.
LaTeX Font Info:    Font shape `T1/phv/bx/n' in size <14.4> not available
(Font)              Font shape `T1/phv/b/n' tried instead on input line 153.
LaTeX Font Info:    Font shape `T1/ptm/bx/n' in size <14.4> not available
(Font)              Font shape `T1/ptm/b/n' tried instead on input line 153.
LaTeX Font Info:    Font shape `T1/ptm/bx/n' in size <24.88> not available
(Font)              Font shape `T1/ptm/b/n' tried instead on input line 153.
LaTeX Font Info:    Try loading font information for TS1+ptm on input line 177.

(/usr/share/texlive/texmf-dist/tex/latex/psnfss/ts1ptm.fd
File: ts1ptm.fd 2001/06/04 font definitions for TS1/ptm.
)

LaTeX Warning: Hyper reference `basic_concepts/intro/what_is_ivozprovider:opera
tor-oriented' on page 1 undefined on input line 196.


LaTeX Warning: Hyper reference `basic_concepts/intro/what_is_ivozprovider:multi
level' on page 1 undefined on input line 197.


LaTeX Warning: Hyper reference `basic_concepts/intro/what_is_ivozprovider:voip'
 on page 1 undefined on input line 197.


LaTeX Warning: Hyper reference `basic_concepts/intro/what_is_ivozprovider:expos
ed' on page 1 undefined on input line 198.

LaTeX Font Info:    Font shape `T1/ptm/bx/n' in size <10> not available
(Font)              Font shape `T1/ptm/b/n' tried instead on input line 204.
[1

]
<operator_levels.png, id=52, 660.4675pt x 430.60875pt>
File: operator_levels.png Graphic file (type png)
<use operator_levels.png>
Package pdftex.def Info: operator_levels.png  used on input line 269.
(pdftex.def)             Requested size: 660.46588pt x 430.60768pt.
File: operator_levels.png Graphic file (type png)
<use operator_levels.png>
Package pdftex.def Info: operator_levels.png  used on input line 269.
(pdftex.def)             Requested size: 469.755pt x 306.2797pt.


LaTeX Warning: Hyper reference `basic_concepts/operation_roles/index:operation-
roles' on page 2 undefined on input line 271.

[2 <./operator_levels.png>] [3]
<ivozprovider_logos.png, id=68, 490.83376pt x 504.38437pt>
File: ivozprovider_logos.png Graphic file (type png)
<use ivozprovider_logos.png>
Package pdftex.def Info: ivozprovider_logos.png  used on input line 443.
(pdftex.def)             Requested size: 490.83255pt x 504.38313pt.
File: ivozprovider_logos.png Graphic file (type png)
<use ivozprovider_logos.png>
Package pdftex.def Info: ivozprovider_logos.png  used on input line 443.
(pdftex.def)             Requested size: 469.755pt x 482.7412pt.
 [4]

LaTeX Warning: Hyper reference `basic_concepts/architecture/index:architecture'
 on page 5 undefined on input line 451.

[5 <./ivozprovider_logos.png>] [6]
Chapter 2.
<flows.png, id=85, 2626.81375pt x 2154.0475pt>
File: flows.png Graphic file (type png)
<use flows.png>
Package pdftex.def Info: flows.png  used on input line 494.
(pdftex.def)             Requested size: 2626.80737pt x 2154.04227pt.
File: flows.png Graphic file (type png)
<use flows.png>
Package pdftex.def Info: flows.png  used on input line 494.
(pdftex.def)             Requested size: 469.755pt x 385.18098pt.
<conceptual.png, id=86, 2618.78375pt x 1728.4575pt>
File: conceptual.png Graphic file (type png)
<use conceptual.png>
Package pdftex.def Info: conceptual.png  used on input line 498.
(pdftex.def)             Requested size: 2618.77739pt x 1728.4533pt.
File: conceptual.png Graphic file (type png)
<use conceptual.png>
Package pdftex.def Info: conceptual.png  used on input line 498.
(pdftex.def)             Requested size: 469.755pt x 310.02759pt.
[7

 <./flows.png>]
LaTeX Font Info:    Font shape `T1/ptm/bx/it' in size <10> not available
(Font)              Font shape `T1/ptm/b/it' tried instead on input line 529.
 [8 <./conceptual.png>]

LaTeX Warning: Hyper reference `basic_concepts/operation_roles/index:operation-
roles' on page 9 undefined on input line 578.

[9] [10

]
Chapter 3.

LaTeX Warning: Hyper reference `basic_concepts/installation/debian_install:inst
alling-profile-package' on page 11 undefined on input line 654.


LaTeX Warning: Hyper reference `basic_concepts/installation/cd_install:automati
c-iso-cd-image' on page 11 undefined on input line 670.

[11]

LaTeX Warning: Hyper reference `basic_concepts/installation/cd_install:automati
c-iso-cd-image' on page 12 undefined on input line 709.


LaTeX Warning: Hyper reference `basic_concepts/installation/install_types:stand
alone-install' on page 12 undefined on input line 730.


LaTeX Warning: Hyper reference `basic_concepts/installation/install_types:distr
ibuted-install' on page 12 undefined on input line 731.

LaTeX Font Info:    Try loading font information for T1+pcr on input line 740.
(/usr/share/texlive/texmf-dist/tex/latex/psnfss/t1pcr.fd
File: t1pcr.fd 2001/06/04 font definitions for T1/pcr.
)

LaTeX Warning: Hyper reference `basic_concepts/installation/install_types:stand
alone-install' on page 12 undefined on input line 759.


LaTeX Warning: Hyper reference `basic_concepts/installation/install_types:distr
ibuted-install' on page 12 undefined on input line 775.

[12]
<installcd-intro.png, id=150, 483.30562pt x 360.59718pt>
File: installcd-intro.png Graphic file (type png)
<use installcd-intro.png>
Package pdftex.def Info: installcd-intro.png  used on input line 858.
(pdftex.def)             Requested size: 483.30444pt x 360.5963pt.
File: installcd-intro.png Graphic file (type png)
<use installcd-intro.png>
Package pdftex.def Info: installcd-intro.png  used on input line 858.
(pdftex.def)             Requested size: 469.755pt x 350.49963pt.
 [13]
<installcd-language.png, id=158, 603.75563pt x 451.6875pt>
File: installcd-language.png Graphic file (type png)
<use installcd-language.png>
Package pdftex.def Info: installcd-language.png  used on input line 865.
(pdftex.def)             Requested size: 603.75415pt x 451.68639pt.
File: installcd-language.png Graphic file (type png)
<use installcd-language.png>
Package pdftex.def Info: installcd-language.png  used on input line 865.
(pdftex.def)             Requested size: 469.755pt x 351.43951pt.
 [14 <./installcd-intro.png (PNG copy)>]
<installcd-location.png, id=163, 603.75563pt x 450.18187pt>
File: installcd-location.png Graphic file (type png)
<use installcd-location.png>
Package pdftex.def Info: installcd-location.png  used on input line 872.
(pdftex.def)             Requested size: 603.75415pt x 450.18077pt.
File: installcd-location.png Graphic file (type png)
<use installcd-location.png>
Package pdftex.def Info: installcd-location.png  used on input line 872.
(pdftex.def)             Requested size: 469.755pt x 350.26805pt.
 [15 <./installcd-language.png (PNG copy)>]
<installcd-rootpass.png, id=169, 603.75563pt x 448.67625pt>
File: installcd-rootpass.png Graphic file (type png)
<use installcd-rootpass.png>
Package pdftex.def Info: installcd-rootpass.png  used on input line 879.
(pdftex.def)             Requested size: 603.75415pt x 448.67516pt.
File: installcd-rootpass.png Graphic file (type png)
<use installcd-rootpass.png>
Package pdftex.def Info: installcd-rootpass.png  used on input line 879.
(pdftex.def)             Requested size: 469.755pt x 349.09659pt.
 [16 <./installcd-location.png (PNG copy)>]
<installcd-clock.png, id=174, 603.75563pt x 452.4403pt>
File: installcd-clock.png Graphic file (type png)
<use installcd-clock.png>
Package pdftex.def Info: installcd-clock.png  used on input line 886.
(pdftex.def)             Requested size: 603.75415pt x 452.43921pt.
File: installcd-clock.png Graphic file (type png)
<use installcd-clock.png>
Package pdftex.def Info: installcd-clock.png  used on input line 886.
(pdftex.def)             Requested size: 469.755pt x 352.02525pt.
 [17 <./installcd-rootpass.png (PNG copy)>]
<installcd-mysqlpass.png, id=179, 568.24059pt x 418.03235pt>
File: installcd-mysqlpass.png Graphic file (type png)
<use installcd-mysqlpass.png>
Package pdftex.def Info: installcd-mysqlpass.png  used on input line 898.
(pdftex.def)             Requested size: 568.2392pt x 418.03133pt.
File: installcd-mysqlpass.png Graphic file (type png)
<use installcd-mysqlpass.png>
Package pdftex.def Info: installcd-mysqlpass.png  used on input line 898.
(pdftex.def)             Requested size: 469.755pt x 345.58897pt.
 [18 <./installcd-clock.png (PNG copy)>]
<installcd-ivozmenu.png, id=184, 603.75563pt x 449.42906pt>
File: installcd-ivozmenu.png Graphic file (type png)
<use installcd-ivozmenu.png>
Package pdftex.def Info: installcd-ivozmenu.png  used on input line 911.
(pdftex.def)             Requested size: 603.75415pt x 449.42795pt.
File: installcd-ivozmenu.png Graphic file (type png)
<use installcd-ivozmenu.png>
Package pdftex.def Info: installcd-ivozmenu.png  used on input line 911.
(pdftex.def)             Requested size: 469.755pt x 349.68231pt.
 [19 <./installcd-mysqlpass.png>]

LaTeX Warning: Hyper reference `basic_concepts/installation/requirements:minimu
m-requirements' on page 20 undefined on input line 913.

<installcd-proxyaddr.png, id=190, 603.75563pt x 448.67625pt>
File: installcd-proxyaddr.png Graphic file (type png)
<use installcd-proxyaddr.png>
Package pdftex.def Info: installcd-proxyaddr.png  used on input line 921.
(pdftex.def)             Requested size: 603.75415pt x 448.67516pt.
File: installcd-proxyaddr.png Graphic file (type png)
<use installcd-proxyaddr.png>
Package pdftex.def Info: installcd-proxyaddr.png  used on input line 921.
(pdftex.def)             Requested size: 469.755pt x 349.09659pt.
[20 <./installcd-ivozmenu.png (PNG copy)>]
<installcd-mysql.png, id=195, 603.75563pt x 453.94594pt>
File: installcd-mysql.png Graphic file (type png)
<use installcd-mysql.png>
Package pdftex.def Info: installcd-mysql.png  used on input line 930.
(pdftex.def)             Requested size: 603.75415pt x 453.94482pt.
File: installcd-mysql.png Graphic file (type png)
<use installcd-mysql.png>
Package pdftex.def Info: installcd-mysql.png  used on input line 930.
(pdftex.def)             Requested size: 469.755pt x 353.19672pt.
 [21 <./installcd-proxyaddr.png (PNG copy)>]
<installcd-portallang.png, id=201, 603.75563pt x 447.17062pt>
File: installcd-portallang.png Graphic file (type png)
<use installcd-portallang.png>
Package pdftex.def Info: installcd-portallang.png  used on input line 934.
(pdftex.def)             Requested size: 603.75415pt x 447.16953pt.
File: installcd-portallang.png Graphic file (type png)
<use installcd-portallang.png>
Package pdftex.def Info: installcd-portallang.png  used on input line 934.
(pdftex.def)             Requested size: 469.755pt x 347.92513pt.
 [22 <./installcd-mysql.png (PNG copy)>]
<installcd-warning.png, id=206, 603.75563pt x 453.19313pt>
File: installcd-warning.png Graphic file (type png)
<use installcd-warning.png>
Package pdftex.def Info: installcd-warning.png  used on input line 942.
(pdftex.def)             Requested size: 603.75415pt x 453.19202pt.
File: installcd-warning.png Graphic file (type png)
<use installcd-warning.png>
Package pdftex.def Info: installcd-warning.png  used on input line 942.
(pdftex.def)             Requested size: 469.755pt x 352.611pt.
 [23 <./installcd-portallang.png (PNG copy)>]
<installcd-grub.png, id=211, 603.75563pt x 452.4403pt>
File: installcd-grub.png Graphic file (type png)
<use installcd-grub.png>
Package pdftex.def Info: installcd-grub.png  used on input line 946.
(pdftex.def)             Requested size: 603.75415pt x 452.43921pt.
File: installcd-grub.png Graphic file (type png)
<use installcd-grub.png>
Package pdftex.def Info: installcd-grub.png  used on input line 946.
(pdftex.def)             Requested size: 469.755pt x 352.02525pt.
 [24 <./installcd-warning.png (PNG copy)>] [25 <./installcd-grub.png (PNG copy)
>]
LaTeX Font Info:    Try loading font information for TS1+pcr on input line 988.

 (/usr/share/texlive/texmf-dist/tex/latex/psnfss/ts1pcr.fd
File: ts1pcr.fd 2001/06/04 font definitions for TS1/pcr.
)
[26]
Chapter 4.
<operator_levels2.png, id=227, 660.4675pt x 430.60875pt>
File: operator_levels2.png Graphic file (type png)
<use operator_levels2.png>
Package pdftex.def Info: operator_levels2.png  used on input line 1000.
(pdftex.def)             Requested size: 660.46588pt x 430.60768pt.
File: operator_levels2.png Graphic file (type png)
<use operator_levels2.png>
Package pdftex.def Info: operator_levels2.png  used on input line 1000.
(pdftex.def)             Requested size: 469.755pt x 306.2797pt.
[27

 <./operator_levels2.png>] [28] [29] [30

]
Chapter 5.

LaTeX Warning: Hyper reference `basic_concepts/operation_roles/index:operation-
roles' on page 31 undefined on input line 1211.

[31]

LaTeX Warning: Hyper reference `administration_portal/platform/infrastructure/p
roxy_users:proxyusers' on page 32 undefined on input line 1292.


LaTeX Warning: Hyper reference `getting_started/internal_calls/brand_portal:dns
hack' on page 32 undefined on input line 1306.


LaTeX Warning: Hyper reference `administration_portal/platform/sip_domains:sip-
domains' on page 32 undefined on input line 1325.

[32]

LaTeX Warning: Hyper reference `getting_started/internal_calls/brand_portal:dns
hack' on page 33 undefined on input line 1395.


LaTeX Warning: Hyper reference `getting_started/internal_calls/brand_portal:dns
hack' on page 33 undefined on input line 1409.


LaTeX Warning: Hyper reference `getting_started/internal_calls/brand_portal:dns
hack' on page 33 undefined on input line 1416.

[33] [34

]
Chapter 6.

LaTeX Warning: Hyper reference `administration_portal/brand/settings/numeric_tr
ansformations:numeric-transformations' on page 35 undefined on input line 1444.



LaTeX Warning: Hyper reference `administration_portal/brand/providers/carriers:
carriers' on page 35 undefined on input line 1459.


LaTeX Warning: Hyper reference `administration_portal/brand/providers/ddi_provi
ders:ddi-providers' on page 35 undefined on input line 1462.


LaTeX Warning: Hyper reference `administration_portal/brand/providers/ddi_provi
ders:ddi-providers' on page 35 undefined on input line 1467.

[35]

LaTeX Warning: Hyper reference `administration_portal/client/vpbx/ddis:pbx-ddis
' on page 36 undefined on input line 1492.

[36]
Chapter 7.

LaTeX Warning: Hyper reference `administration_portal/brand/providers/carriers:
carriers' on page 37 undefined on input line 1523.


LaTeX Warning: Hyper reference `administration_portal/brand/routing/routing_pat
terns:routing-patterns' on page 37 undefined on input line 1536.


LaTeX Warning: Hyper reference `administration_portal/brand/routing/routing_pat
terns_groups:routing-pattern-groups' on page 37 undefined on input line 1539.

[37

]

LaTeX Warning: Hyper reference `administration_portal/brand/routing/outgoing_ro
utings:outgoing-routings' on page 38 undefined on input line 1583.


LaTeX Warning: Hyper reference `getting_started/internal_calls/brand_portal:emu
late-client' on page 38 undefined on input line 1597.


LaTeX Warning: Hyper reference `basic_concepts/operation_roles/index:brand-resp
onsibilities' on page 38 undefined on input line 1613.

[38]

LaTeX Warning: Hyper reference `administration_portal/brand/billing/rating_plan
s:assigning-rating-plans-to-clients' on page 39 undefined on input line 1655.

[39] [40

]
Chapter 8.

LaTeX Warning: Hyper reference `administration_portal/brand/settings/notificati
on_templates:notification-templates' on page 41 undefined on input line 1713.


LaTeX Warning: Hyper reference `administration_portal/platform/default_notifica
tion_templates:default-notification-templates' on page 41 undefined on input li
ne 1716.


LaTeX Warning: Hyper reference `administration_portal/platform/infrastructure/p
roxy_trunks:proxy-trunks' on page 41 undefined on input line 1719.


LaTeX Warning: Hyper reference `administration_portal/brand/providers/carriers:
carriers' on page 41 undefined on input line 1720.


LaTeX Warning: Hyper reference `administration_portal/brand/providers/ddi_provi
ders:ddi-providers' on page 41 undefined on input line 1721.

[41]

LaTeX Warning: Hyper reference `api_rest/acls:acls' on page 42 undefined on inp
ut line 1752.


LaTeX Warning: Hyper reference `administration_portal/brand/settings/client_por
tals:client-portals' on page 42 undefined on input line 1759.


LaTeX Warning: Hyper reference `api_rest/acls:acls' on page 42 undefined on inp
ut line 1785.


LaTeX Warning: Hyper reference `security_and_maintenance/security/antiflooding:
sip-antiflooding' on page 42 undefined on input line 1802.

[42] [43] [44]

LaTeX Warning: Hyper reference `administration_portal/client/vpbx/routing_tools
/route_locks:route-locks' on page 45 undefined on input line 2053.


LaTeX Warning: Hyper reference `administration_portal/client/vpbx/routing_tools
/route_locks:route-locks' on page 45 undefined on input line 2056.


LaTeX Warning: Hyper reference `administration_portal/client/vpbx/routing_tools
/route_locks:route-locks' on page 45 undefined on input line 2059.


LaTeX Warning: Hyper reference `administration_portal/client/residential/reside
ntial_devices:residential-devices-cfw' on page 45 undefined on input line 2063.


[45]

LaTeX Warning: Hyper reference `administration_portal/client/residential/reside
ntial_devices:residential-devices-cfw' on page 46 undefined on input line 2067.



LaTeX Warning: Hyper reference `administration_portal/client/residential/reside
ntial_devices:residential-devices-cfw' on page 46 undefined on input line 2071.



LaTeX Warning: Hyper reference `administration_portal/client/residential/reside
ntial_devices:residential-devices-cfw' on page 46 undefined on input line 2075.


[46]

LaTeX Warning: Hyper reference `administration_portal/brand/settings/notificati
on_templates:notification-templates' on page 47 undefined on input line 2169.


LaTeX Warning: Hyper reference `administration_portal/brand/invoicing/invoices:
invoices' on page 47 undefined on input line 2176.


LaTeX Warning: Hyper reference `administration_portal/brand/invoicing/invoice_s
chedulers:invoice-schedulers' on page 47 undefined on input line 2177.


LaTeX Warning: Hyper reference `administration_portal/brand/settings/special_nu
mbers:special-numbers' on page 47 undefined on input line 2186.


LaTeX Warning: Hyper reference `administration_portal/brand/invoicing/invoices:
invoices' on page 47 undefined on input line 2209.


LaTeX Warning: Hyper reference `administration_portal/client/wholesale/calls/ca
ll_csv_schedulers:call-csv-schedulers' on page 47 undefined on input line 2212.



LaTeX Warning: Hyper reference `administration_portal/platform/infrastructure/p
roxy_users:proxyusers' on page 47 undefined on input line 2240.

[47]

LaTeX Warning: Hyper reference `administration_portal/platform/infrastructure/p
roxy_users:proxyusers' on page 48 undefined on input line 2261.


LaTeX Warning: Hyper reference `administration_portal/platform/main_operators:m
ain-operators' on page 48 undefined on input line 2274.

[48] [49]

LaTeX Warning: Hyper reference `administration_portal/brand/providers/carriers:
carriers' on page 50 undefined on input line 2463.


LaTeX Warning: Hyper reference `administration_portal/brand/providers/ddi_provi
ders:ddi-providers' on page 50 undefined on input line 2467.


LaTeX Warning: Hyper reference `administration_portal/brand/invoicing/invoices:
invoices' on page 50 undefined on input line 2471.

[50]
Underfull \hbox (badness 10000) in paragraph at lines 2579--2583
[]\T1/ptm/b/n/10 Warning:  \T1/ptm/m/n/10 Apart from adding here, ad-dresses mu
st be con-fig-ured in
 []


Underfull \hbox (badness 6477) in paragraph at lines 2579--2583
\T1/ptm/m/it/10 /etc/kamailio/proxytrunks/additional_addresses.cfg \T1/ptm/m/n/
10 (\T1/ptm/m/it/10 ad-di-tional_addresses.cfg.in \T1/ptm/m/n/10 is given as an
 ex-am-ple).
 []


LaTeX Warning: Hyper reference `administration_portal/platform/brands:brands' o
n page 51 undefined on input line 2588.


LaTeX Warning: Hyper reference `administration_portal/brand/providers/carriers:
carriers' on page 51 undefined on input line 2599.


LaTeX Warning: Hyper reference `administration_portal/brand/providers/ddi_provi
ders:ddi-providers' on page 51 undefined on input line 2599.

[51] [52]
Chapter 9.

LaTeX Warning: Hyper reference `getting_started/internal_calls/brand_portal:cli
ent-sip-domain' on page 53 undefined on input line 2688.


LaTeX Warning: Hyper reference `administration_portal/brand/billing/index:billi
ng' on page 53 undefined on input line 2695.


LaTeX Warning: Hyper reference `administration_portal/brand/settings/notificati
on_templates:notification-templates' on page 53 undefined on input line 2727.

[53

]

LaTeX Warning: Hyper reference `api_rest/acls:acls' on page 54 undefined on inp
ut line 2786.

[54] [55]

LaTeX Warning: Hyper reference `api_rest/acls:acls' on page 56 undefined on inp
ut line 2938.

[56] [57]

LaTeX Warning: Hyper reference `api_rest/acls:acls' on page 58 undefined on inp
ut line 3125.

[58]

LaTeX Warning: Hyper reference `api_rest/acls:acls' on page 59 undefined on inp
ut line 3247.

[59]

LaTeX Warning: Hyper reference `administration_portal/brand/settings/numeric_tr
ansformations:numeric-transformations' on page 60 undefined on input line 3292.



LaTeX Warning: Hyper reference `basic_concepts/intro/getting_help:getting-help'
 on page 60 undefined on input line 3297.


LaTeX Warning: Hyper reference `administration_portal/platform/brands:brands' o
n page 60 undefined on input line 3308.


LaTeX Warning: Hyper reference `administration_portal/platform/infrastructure/p
roxy_trunks:proxy-trunks' on page 60 undefined on input line 3308.


LaTeX Warning: Hyper reference `administration_portal/brand/billing/rating_plan
s:assigning-rating-plans-to-carriers' on page 60 undefined on input line 3320.

[60]

LaTeX Warning: Hyper reference `administration_portal/brand/routing/outgoing_ro
utings:outgoing-routings' on page 61 undefined on input line 3344.


LaTeX Warning: Hyper reference `administration_portal/platform/external_calls:e
xternal-calls' on page 61 undefined on input line 3402.

[61]

LaTeX Warning: Hyper reference `administration_portal/brand/settings/numeric_tr
ansformations:numeric-transformations' on page 62 undefined on input line 3428.



LaTeX Warning: Hyper reference `administration_portal/platform/brands:brands' o
n page 62 undefined on input line 3432.


LaTeX Warning: Hyper reference `administration_portal/platform/infrastructure/p
roxy_trunks:proxy-trunks' on page 62 undefined on input line 3432.

[62]

LaTeX Warning: Hyper reference `administration_portal/client/vpbx/faxes:faxes' 
on page 63 undefined on input line 3599.

[63] [64]

LaTeX Warning: Hyper reference `administration_portal/brand/routing/outgoing_ro
utings:outgoing-routings' on page 65 undefined on input line 3714.


LaTeX Warning: Hyper reference `administration_portal/brand/routing/outgoing_ro
utings:outgoing-routings' on page 65 undefined on input line 3728.


LaTeX Warning: Hyper reference `administration_portal/brand/routing/routing_pat
terns:routing-patterns' on page 65 undefined on input line 3731.


LaTeX Warning: Hyper reference `administration_portal/brand/providers/carriers:
carriers' on page 65 undefined on input line 3746.


LaTeX Warning: Hyper reference `administration_portal/brand/routing/outgoing_ro
utings:outgoing-routings' on page 65 undefined on input line 3746.

[65]

LaTeX Warning: Hyper reference `administration_portal/platform/external_calls:e
xternal-calls' on page 66 undefined on input line 3815.

[66]

LaTeX Warning: Hyper reference `administration_portal/brand/billing/destination
_rates:destination-rates' on page 67 undefined on input line 3908.


LaTeX Warning: Hyper reference `administration_portal/brand/billing/destination
_rates:destination-rates' on page 67 undefined on input line 3931.

[67]

LaTeX Warning: Hyper reference `administration_portal/brand/settings/numeric_tr
ansformations:e164' on page 68 undefined on input line 3960.


LaTeX Warning: Hyper reference `administration_portal/brand/providers/carriers:
cost-calculation' on page 68 undefined on input line 3992.

[68] [69] [70]

LaTeX Warning: Hyper reference `administration_portal/brand/billing/rating_plan
s:rating-plans' on page 71 undefined on input line 4249.

[71]

LaTeX Warning: Hyper reference `administration_portal/brand/billing/destination
_rates:add-rates-manually' on page 72 undefined on input line 4287.


LaTeX Warning: Hyper reference `administration_portal/brand/billing/destination
_rates:importing-a-csv-file' on page 72 undefined on input line 4289.


LaTeX Warning: Hyper reference `administration_portal/brand/billing/index:prepa
id-billing' on page 72 undefined on input line 4295.


LaTeX Warning: Hyper reference `administration_portal/brand/billing/index:pseud
o-prepaid-billing' on page 72 undefined on input line 4295.


LaTeX Warning: Hyper reference `administration_portal/brand/settings/notificati
on_templates:notification-templates' on page 72 undefined on input line 4314.

[72]

LaTeX Warning: Hyper reference `security_and_maintenance/security/index:securit
y' on page 73 undefined on input line 4348.


LaTeX Warning: Hyper reference `security_and_maintenance/security/current_day_m
ax_usage:current-day-max-usage' on page 73 undefined on input line 4349.


LaTeX Warning: Hyper reference `administration_portal/brand/invoicing/fixed_cos
ts:fixed-costs' on page 73 undefined on input line 4402.

[73]

LaTeX Warning: Hyper reference `administration_portal/platform/external_calls:e
xternal-calls' on page 74 undefined on input line 4490.


LaTeX Warning: Hyper reference `administration_portal/platform/external_calls:e
xternal-calls' on page 74 undefined on input line 4498.

[74] [75]

LaTeX Warning: Hyper reference `administration_portal/brand/invoicing/invoice_s
chedulers:invoice-schedulers' on page 76 undefined on input line 4593.

[76] [77]

LaTeX Warning: Hyper reference `administration_portal/brand/providers/carriers:
carriers' on page 78 undefined on input line 4836.


LaTeX Warning: Hyper reference `administration_portal/brand/providers/ddi_provi
ders:ddi-providers' on page 78 undefined on input line 4840.


LaTeX Warning: Hyper reference `administration_portal/brand/invoicing/invoices:
invoices' on page 78 undefined on input line 4844.

[78]

LaTeX Warning: Hyper reference `administration_portal/brand/invoicing/invoice_s
chedulers:invoice-schedulers' on page 79 undefined on input line 4893.

[79] [80] [81]

LaTeX Warning: Hyper reference `administration_portal/platform/global_special_n
umbers:global-special-numbers' on page 82 undefined on input line 5174.


LaTeX Warning: Hyper reference `administration_portal/platform/global_special_n
umbers:global-special-numbers' on page 82 undefined on input line 5177.


LaTeX Warning: Hyper reference `administration_portal/brand/providers/carriers:
carriers' on page 82 undefined on input line 5191.


LaTeX Warning: Hyper reference `administration_portal/brand/providers/ddi_provi
ders:ddi-providers' on page 82 undefined on input line 5191.

[82] [83] [84] [85]

LaTeX Warning: Hyper reference `administration_portal/client/vpbx/multimedia/mu
sic_on_hold:music-on-hold' on page 86 undefined on input line 5536.

[86]

LaTeX Warning: Hyper reference `administration_portal/client/vpbx/routing_tools
/match_lists:match-lists' on page 87 undefined on input line 5591.

[87]

LaTeX Warning: Hyper reference `security_and_maintenance/security/authorized_ip
_ranges:authorized-ip-ranges' on page 88 undefined on input line 5667.

[88]
Chapter 10.

LaTeX Warning: Hyper reference `user_portal/index:userportal' on page 89 undefi
ned on input line 5722.


LaTeX Warning: Hyper reference `user_portal/index:userportal' on page 89 undefi
ned on input line 5725.


LaTeX Warning: Hyper reference `administration_portal/client/vpbx/terminals:ter
minals' on page 89 undefined on input line 5737.


LaTeX Warning: Hyper reference `administration_portal/client/vpbx/extensions:ex
tensions' on page 89 undefined on input line 5741.


LaTeX Warning: Hyper reference `getting_started/external_outgoing_calls/outgoin
g_ddi:external-ddi' on page 89 undefined on input line 5746.

[89

]

LaTeX Warning: Hyper reference `administration_portal/client/vpbx/user_configur
ation/outgoing_ddi_rules:outgoingddi-rules' on page 90 undefined on input line 
5750.


LaTeX Warning: Hyper reference `administration_portal/client/vpbx/user_configur
ation/call_acls:call-permissions' on page 90 undefined on input line 5754.


LaTeX Warning: Hyper reference `security_and_maintenance/security/authorized_ip
_ranges:roadwarrior-users' on page 90 undefined on input line 5768.


LaTeX Warning: Hyper reference `administration_portal/client/vpbx/routing_tools
/match_lists:match-lists' on page 90 undefined on input line 5821.


LaTeX Warning: Hyper reference `administration_portal/client/vpbx/routing_endpo
ints/hunt_groups:huntgroups' on page 90 undefined on input line 5833.


LaTeX Warning: Hyper reference `administration_portal/client/vpbx/user_configur
ation/pick_up_groups:capture-groups' on page 90 undefined on input line 5833.


LaTeX Warning: Hyper reference `administration_portal/client/vpbx/routing_endpo
ints/hunt_groups:huntgroups' on page 90 undefined on input line 5836.


LaTeX Warning: Hyper reference `administration_portal/client/vpbx/user_configur
ation/pick_up_groups:capture-groups' on page 90 undefined on input line 5837.

[90]

LaTeX Warning: Hyper reference `administration_portal/platform/terminal_manufac
turers:provisioning' on page 91 undefined on input line 5926.


LaTeX Warning: Hyper reference `administration_portal/platform/terminal_manufac
turers:provisioning' on page 91 undefined on input line 5932.

[91]

LaTeX Warning: Hyper reference `getting_started/internal_calls/brand_portal:dom
ain-per-client' on page 92 undefined on input line 5953.


LaTeX Warning: Hyper reference `administration_portal/client/vpbx/users:users' 
on page 92 undefined on input line 5991.


LaTeX Warning: Hyper reference `administration_portal/client/vpbx/routing_endpo
ints/ivrs:ivrs' on page 92 undefined on input line 5994.


LaTeX Warning: Hyper reference `administration_portal/client/vpbx/routing_endpo
ints/hunt_groups:huntgroups' on page 92 undefined on input line 5997.


LaTeX Warning: Hyper reference `administration_portal/client/vpbx/routing_endpo
ints/friends/index:friends' on page 92 undefined on input line 6000.


LaTeX Warning: Hyper reference `administration_portal/client/vpbx/routing_endpo
ints/queues:queues' on page 92 undefined on input line 6003.


LaTeX Warning: Hyper reference `administration_portal/client/vpbx/routing_endpo
ints/conditional_routes:conditional-routes' on page 92 undefined on input line 
6006.

[92]

LaTeX Warning: Hyper reference `administration_portal/brand/providers/ddi_provi
ders:ddi-providers' on page 93 undefined on input line 6070.


LaTeX Warning: Hyper reference `administration_portal/client/vpbx/routing_tools
/external_call_filters:external-call-filters' on page 93 undefined on input lin
e 6075.


LaTeX Warning: Hyper reference `administration_portal/client/vpbx/ddis:routing-
logics' on page 93 undefined on input line 6079.


LaTeX Warning: Hyper reference `administration_portal/client/vpbx/calls/call_re
cordings:call-recordings' on page 93 undefined on input line 6083.


LaTeX Warning: Hyper reference `basic_concepts/intro/getting_help:getting-help'
 on page 93 undefined on input line 6088.


LaTeX Warning: Hyper reference `administration_portal/client/vpbx/routing_tools
/external_call_filters:external-call-filters' on page 93 undefined on input lin
e 6095.


LaTeX Warning: Hyper reference `administration_portal/client/vpbx/users:users' 
on page 93 undefined on input line 6105.


LaTeX Warning: Hyper reference `administration_portal/client/vpbx/routing_endpo
ints/hunt_groups:huntgroups' on page 93 undefined on input line 6108.


LaTeX Warning: Hyper reference `administration_portal/client/vpbx/routing_endpo
ints/ivrs:ivrs' on page 93 undefined on input line 6111.


LaTeX Warning: Hyper reference `administration_portal/client/vpbx/routing_endpo
ints/conference_rooms:conference-rooms' on page 93 undefined on input line 6114
.


LaTeX Warning: Hyper reference `administration_portal/client/vpbx/routing_endpo
ints/conditional_routes:conditional-routes' on page 93 undefined on input line 
6117.


LaTeX Warning: Hyper reference `administration_portal/client/vpbx/routing_endpo
ints/queues:queues' on page 93 undefined on input line 6120.


LaTeX Warning: Hyper reference `administration_portal/client/vpbx/routing_endpo
ints/friends/index:friends' on page 93 undefined on input line 6123.


LaTeX Warning: Hyper reference `administration_portal/client/vpbx/faxes:faxing-
system' on page 93 undefined on input line 6128.

[93]

LaTeX Warning: Hyper reference `administration_portal/client/vpbx/routing_endpo
ints/hunt_groups:huntgroups' on page 94 undefined on input line 6206.

[94] [95]

LaTeX Warning: Hyper reference `administration_portal/client/vpbx/users:users' 
on page 96 undefined on input line 6337.


LaTeX Warning: Hyper reference `administration_portal/brand/clients/virtual_pbx
:virtual-pbx' on page 96 undefined on input line 6354.


LaTeX Warning: Hyper reference `getting_started/internal_calls/brand_portal:bra
nd-configuration' on page 96 undefined on input line 6358.


LaTeX Warning: Hyper reference `getting_started/internal_calls/client_portal:cl
ient-configuration' on page 96 undefined on input line 6358.

[96] [97]

LaTeX Warning: Hyper reference `administration_portal/client/vpbx/routing_tools
/match_lists:match-lists' on page 98 undefined on input line 6543.


LaTeX Warning: Hyper reference `administration_portal/client/vpbx/routing_tools
/schedules:schedules' on page 98 undefined on input line 6546.


LaTeX Warning: Hyper reference `administration_portal/client/vpbx/routing_tools
/calendars:calendars' on page 98 undefined on input line 6549.


LaTeX Warning: Hyper reference `administration_portal/client/vpbx/routing_tools
/route_locks:route-locks' on page 98 undefined on input line 6552.

[98]

LaTeX Warning: Hyper reference `administration_portal/client/vpbx/routing_tools
/calendars:calendar-periods' on page 99 undefined on input line 6588.


LaTeX Warning: Hyper reference `administration_portal/platform/infrastructure/p
roxy_users:proxyusers' on page 99 undefined on input line 6639.


LaTeX Warning: Hyper reference `administration_portal/client/vpbx/users:users' 
on page 99 undefined on input line 6658.


LaTeX Warning: Hyper reference `administration_portal/client/vpbx/routing_endpo
ints/friends/index:friends' on page 99 undefined on input line 6658.

[99]

LaTeX Warning: Hyper reference `administration_portal/client/vpbx/terminals:ter
minals' on page 100 undefined on input line 6690.


LaTeX Warning: Hyper reference `administration_portal/client/vpbx/users:users' 
on page 100 undefined on input line 6702.


LaTeX Warning: Hyper reference `administration_portal/client/vpbx/extensions:ex
tensions' on page 100 undefined on input line 6717.


LaTeX Warning: Hyper reference `administration_portal/client/vpbx/users:users' 
on page 100 undefined on input line 6753.

[100] [101]

LaTeX Warning: Hyper reference `administration_portal/client/vpbx/extensions:ex
tensions' on page 102 undefined on input line 6883.

[102]

LaTeX Warning: Hyper reference `administration_portal/brand/clients/virtual_pbx
:virtual-pbx' on page 103 undefined on input line 6968.


LaTeX Warning: Hyper reference `getting_started/internal_calls/brand_portal:bra
nd-configuration' on page 103 undefined on input line 6972.


LaTeX Warning: Hyper reference `getting_started/internal_calls/client_portal:cl
ient-configuration' on page 103 undefined on input line 6972.


LaTeX Warning: Hyper reference `administration_portal/client/vpbx/ddis:ddis' on
 page 103 undefined on input line 6998.

[103]

LaTeX Warning: Hyper reference `administration_portal/client/vpbx/ddis:ddis' on
 page 104 undefined on input line 7016.


LaTeX Warning: Hyper reference `administration_portal/client/vpbx/routing_tools
/schedules:schedules' on page 104 undefined on input line 7018.


LaTeX Warning: Hyper reference `administration_portal/client/vpbx/routing_tools
/calendars:calendars' on page 104 undefined on input line 7018.


LaTeX Warning: Hyper reference `administration_portal/client/vpbx/routing_tools
/match_lists:match-lists' on page 104 undefined on input line 7032.


LaTeX Warning: Hyper reference `administration_portal/client/vpbx/routing_tools
/match_lists:match-lists' on page 104 undefined on input line 7036.


LaTeX Warning: Hyper reference `administration_portal/client/vpbx/ddis:ddis' on
 page 104 undefined on input line 7076.

[104] [105]

LaTeX Warning: Hyper reference `administration_portal/client/vpbx/ddis:ddis' on
 page 106 undefined on input line 7217.


LaTeX Warning: Hyper reference `administration_portal/client/vpbx/routing_tools
/external_call_filters:external-filters' on page 106 undefined on input line 72
46.

[106]

LaTeX Warning: Hyper reference `administration_portal/client/vpbx/routing_endpo
ints/conditional_routes:conditional-routes' on page 107 undefined on input line
 7286.


LaTeX Warning: Hyper reference `administration_portal/platform/services:service
s' on page 107 undefined on input line 7334.

[107]

LaTeX Warning: Hyper reference `administration_portal/client/vpbx/routing_tools
/match_lists:match-lists' on page 108 undefined on input line 7357.

[108]

LaTeX Warning: Hyper reference `administration_portal/client/vpbx/users:users' 
on page 109 undefined on input line 7433.


LaTeX Warning: Hyper reference `administration_portal/platform/services:service
s' on page 109 undefined on input line 7458.


LaTeX Warning: Hyper reference `administration_portal/client/vpbx/extensions:ex
tensions' on page 109 undefined on input line 7468.

[109]

LaTeX Warning: Hyper reference `administration_portal/client/vpbx/routing_tools
/match_lists:match-lists' on page 110 undefined on input line 7503.


LaTeX Warning: Hyper reference `administration_portal/client/vpbx/multimedia/mu
sic_on_hold:musiconhold' on page 110 undefined on input line 7559.

[110]

LaTeX Warning: Hyper reference `administration_portal/brand/routing/outgoing_ro
utings:outgoing-routings' on page 111 undefined on input line 7643.


LaTeX Warning: Hyper reference `administration_portal/brand/routing/outgoing_ro
utings:outgoing-routings' on page 111 undefined on input line 7646.

[111]

LaTeX Warning: Hyper reference `administration_portal/platform/active_calls:cal
l-state' on page 112 undefined on input line 7730.

[112]

LaTeX Warning: Hyper reference `administration_portal/brand/providers/carriers:
carriers' on page 113 undefined on input line 7796.


LaTeX Warning: Hyper reference `administration_portal/brand/providers/ddi_provi
ders:ddi-providers' on page 113 undefined on input line 7800.


LaTeX Warning: Hyper reference `administration_portal/brand/invoicing/invoices:
invoices' on page 113 undefined on input line 7804.

[113]

LaTeX Warning: Hyper reference `administration_portal/brand/invoicing/invoice_s
chedulers:invoice-schedulers' on page 114 undefined on input line 7855.

[114]

LaTeX Warning: Hyper reference `administration_portal/client/vpbx/ddis:ddis' on
 page 115 undefined on input line 7961.


LaTeX Warning: Hyper reference `administration_portal/client/vpbx/ddis:ddis' on
 page 115 undefined on input line 7981.

[115]

LaTeX Warning: Hyper reference `administration_portal/platform/services:service
s' on page 116 undefined on input line 8020.

[116]

LaTeX Warning: Hyper reference `administration_portal/client/vpbx/routing_endpo
ints/friends/index:friends' on page 117 undefined on input line 8104.


LaTeX Warning: Hyper reference `administration_portal/client/vpbx/terminals:ter
minals' on page 117 undefined on input line 8126.

[117]

LaTeX Warning: Hyper reference `administration_portal/client/vpbx/routing_tools
/external_call_filters:external-call-filters' on page 118 undefined on input li
ne 8216.


LaTeX Warning: Hyper reference `administration_portal/client/vpbx/routing_tools
/external_call_filters:external-call-filters' on page 118 undefined on input li
ne 8231.


LaTeX Warning: Hyper reference `administration_portal/brand/settings/generic_se
rvices:call-forward-services' on page 118 undefined on input line 8236.

[118]

LaTeX Warning: Hyper reference `administration_portal/client/vpbx/routing_tools
/external_call_filters:external-call-filters' on page 119 undefined on input li
ne 8292.


LaTeX Warning: Hyper reference `administration_portal/client/residential/reside
ntial_devices:residential-devices' on page 119 undefined on input line 8298.


LaTeX Warning: Hyper reference `administration_portal/client/vpbx/faxes:faxing-
system' on page 119 undefined on input line 8299.


LaTeX Warning: Hyper reference `administration_portal/client/vpbx/routing_tools
/match_lists:match-lists' on page 119 undefined on input line 8327.

[119]

LaTeX Warning: Hyper reference `administration_portal/brand/routing/outgoing_ro
utings:outgoing-routings' on page 120 undefined on input line 8385.


LaTeX Warning: Hyper reference `administration_portal/brand/routing/outgoing_ro
utings:outgoing-routings' on page 120 undefined on input line 8388.

[120]

LaTeX Warning: Hyper reference `administration_portal/platform/active_calls:cal
l-state' on page 121 undefined on input line 8445.

[121]

LaTeX Warning: Hyper reference `administration_portal/brand/providers/carriers:
carriers' on page 122 undefined on input line 8511.


LaTeX Warning: Hyper reference `administration_portal/brand/providers/ddi_provi
ders:ddi-providers' on page 122 undefined on input line 8515.


LaTeX Warning: Hyper reference `administration_portal/brand/invoicing/invoices:
invoices' on page 122 undefined on input line 8519.


LaTeX Warning: Hyper reference `administration_portal/brand/invoicing/invoice_s
chedulers:invoice-schedulers' on page 122 undefined on input line 8568.

[122]

LaTeX Warning: Hyper reference `administration_portal/client/vpbx/ddis:ddis' on
 page 123 undefined on input line 8671.


LaTeX Warning: Hyper reference `administration_portal/client/vpbx/ddis:ddis' on
 page 123 undefined on input line 8691.

[123]

LaTeX Warning: Hyper reference `administration_portal/platform/services:service
s' on page 124 undefined on input line 8730.

[124]

LaTeX Warning: Hyper reference `administration_portal/brand/clients/retail:diff
erences-between-retail-and-residential-clients' on page 125 undefined on input 
line 8792.


LaTeX Warning: Hyper reference `administration_portal/client/vpbx/routing_endpo
ints/friends/index:friends' on page 125 undefined on input line 8819.


LaTeX Warning: Hyper reference `administration_portal/client/vpbx/terminals:ter
minals' on page 125 undefined on input line 8841.

[125] [126] [127]

LaTeX Warning: Hyper reference `administration_portal/client/retail/retail_acco
unts:retail-accounts' on page 128 undefined on input line 9019.


LaTeX Warning: Hyper reference `administration_portal/platform/active_calls:cal
l-state' on page 128 undefined on input line 9067.

[128]

LaTeX Warning: Hyper reference `administration_portal/brand/providers/carriers:
carriers' on page 129 undefined on input line 9133.


LaTeX Warning: Hyper reference `administration_portal/brand/providers/ddi_provi
ders:ddi-providers' on page 129 undefined on input line 9137.


LaTeX Warning: Hyper reference `administration_portal/brand/invoicing/invoices:
invoices' on page 129 undefined on input line 9141.

[129]

LaTeX Warning: Hyper reference `administration_portal/brand/invoicing/invoice_s
chedulers:invoice-schedulers' on page 130 undefined on input line 9190.

[130]

LaTeX Warning: Hyper reference `administration_portal/client/vpbx/ddis:ddis' on
 page 131 undefined on input line 9287.


LaTeX Warning: Hyper reference `administration_portal/client/vpbx/ddis:ddis' on
 page 131 undefined on input line 9307.


LaTeX Warning: Hyper reference `administration_portal/platform/services:service
s' on page 131 undefined on input line 9346.

[131]

LaTeX Warning: Hyper reference `administration_portal/brand/clients/retail:diff
erences-between-retail-and-residential-clients' on page 132 undefined on input 
line 9408.


LaTeX Warning: Hyper reference `administration_portal/brand/clients/wholesale:w
holesale-clients' on page 132 undefined on input line 9418.

[132]

LaTeX Warning: Hyper reference `administration_portal/platform/active_calls:cal
l-state' on page 133 undefined on input line 9458.

[133]

LaTeX Warning: Hyper reference `administration_portal/brand/providers/carriers:
carriers' on page 134 undefined on input line 9524.


LaTeX Warning: Hyper reference `administration_portal/brand/providers/ddi_provi
ders:ddi-providers' on page 134 undefined on input line 9528.


LaTeX Warning: Hyper reference `administration_portal/brand/invoicing/invoices:
invoices' on page 134 undefined on input line 9532.


LaTeX Warning: Hyper reference `administration_portal/brand/invoicing/invoice_s
chedulers:invoice-schedulers' on page 134 undefined on input line 9581.

[134] [135] [136

]
Chapter 11.

LaTeX Warning: Hyper reference `administration_portal/brand/clients/virtual_pbx
:virtual-pbx' on page 137 undefined on input line 9663.

[137] [138]
Chapter 12.
[139

]

LaTeX Warning: Hyper reference `administration_portal/platform/antiflood_banned
_ips:antiflood-banned-ips' on page 140 undefined on input line 9877.


LaTeX Warning: Hyper reference `security_and_maintenance/security/authorized_ip
_ranges:client-authorized-ip-ranges' on page 140 undefined on input line 9905.


LaTeX Warning: Hyper reference `security_and_maintenance/security/authorized_ip
_ranges:client-authorized-ip-ranges' on page 140 undefined on input line 9913.


LaTeX Warning: Hyper reference `security_and_maintenance/security/authorized_ip
_ranges:client-authorized-ip-ranges' on page 140 undefined on input line 9919.


LaTeX Warning: Hyper reference `administration_portal/client/vpbx/index:vpbx-cl
ients' on page 140 undefined on input line 9926.


LaTeX Warning: Hyper reference `administration_portal/client/retail/index:retai
l-clients' on page 140 undefined on input line 9926.


LaTeX Warning: Hyper reference `administration_portal/client/residential/index:
residential-clients' on page 140 undefined on input line 9926.

[140]

LaTeX Warning: Hyper reference `administration_portal/client/wholesale/index:wh
olesale-clients' on page 141 undefined on input line 9930.


LaTeX Warning: Hyper reference `security_and_maintenance/security/authorized_ip
_ranges:client-authorized-ip-ranges' on page 141 undefined on input line 9934.


LaTeX Warning: Hyper reference `administration_portal/client/vpbx/index:vpbx-cl
ients' on page 141 undefined on input line 9944.


LaTeX Warning: Hyper reference `administration_portal/client/retail/index:retai
l-clients' on page 141 undefined on input line 9944.


LaTeX Warning: Hyper reference `administration_portal/client/residential/index:
residential-clients' on page 141 undefined on input line 9944.


LaTeX Warning: Hyper reference `administration_portal/client/wholesale/index:wh
olesale-clients' on page 141 undefined on input line 9948.


LaTeX Warning: Hyper reference `administration_portal/brand/views/ipfilter_bloc
ked_addresses:ip-filter-blocked-addresses' on page 141 undefined on input line 
9961.

[141]

LaTeX Warning: Hyper reference `administration_portal/brand/billing/index:billi
ng' on page 142 undefined on input line 10048.

[142]

LaTeX Warning: Hyper reference `administration_portal/brand/billing/current_day
_usages:current-day-usages' on page 143 undefined on input line 10070.


LaTeX Warning: Hyper reference `security_and_maintenance/security/antiflooding:
sip-antiflooding' on page 143 undefined on input line 10112.

[143] [144

]
Chapter 13.
<sngrep_sample.png, id=1798, 799.98875pt x 564.1075pt>
File: sngrep_sample.png Graphic file (type png)
<use sngrep_sample.png>
Package pdftex.def Info: sngrep_sample.png  used on input line 10135.
(pdftex.def)             Requested size: 799.9868pt x 564.10611pt.
File: sngrep_sample.png Graphic file (type png)
<use sngrep_sample.png>
Package pdftex.def Info: sngrep_sample.png  used on input line 10135.
(pdftex.def)             Requested size: 469.755pt x 331.24535pt.
[145 <./sngrep_sample.png>]
<asterisk_cli.png, id=1811, 1424.32124pt x 272.01625pt>
File: asterisk_cli.png Graphic file (type png)
<use asterisk_cli.png>
Package pdftex.def Info: asterisk_cli.png  used on input line 10181.
(pdftex.def)             Requested size: 1424.31778pt x 272.01558pt.
File: asterisk_cli.png Graphic file (type png)
<use asterisk_cli.png>
Package pdftex.def Info: asterisk_cli.png  used on input line 10181.
(pdftex.def)             Requested size: 469.755pt x 89.71167pt.
<kamtail.png, id=1812, 1360.08125pt x 456.70625pt>
File: kamtail.png Graphic file (type png)
<use kamtail.png>
Package pdftex.def Info: kamtail.png  used on input line 10191.
(pdftex.def)             Requested size: 1360.07794pt x 456.70512pt.
File: kamtail.png Graphic file (type png)
<use kamtail.png>
Package pdftex.def Info: kamtail.png  used on input line 10191.
(pdftex.def)             Requested size: 469.755pt x 157.73804pt.
 [146 <./asterisk_cli.png>] [147 <./kamtail.png>]
[148

]
Chapter 14.
[149] [150

]
Chapter 15.

LaTeX Warning: Hyper reference `api_rest/use_case:use-case' on page 151 undefin
ed on input line 10291.


LaTeX Warning: Hyper reference `administration_portal/platform/portals:platform
-portals' on page 151 undefined on input line 10298.


LaTeX Warning: Hyper reference `administration_portal/platform/main_operators:m
ain-operators' on page 151 undefined on input line 10301.


LaTeX Warning: Hyper reference `administration_portal/platform/brands:brand-por
tals' on page 151 undefined on input line 10307.


LaTeX Warning: Hyper reference `administration_portal/platform/brands:brand-ope
rators' on page 151 undefined on input line 10310.


LaTeX Warning: Hyper reference `administration_portal/brand/settings/client_por
tals:client-portals' on page 151 undefined on input line 10316.


LaTeX Warning: Hyper reference `administration_portal/brand/clients/wholesale:a
dditional-subsections' on page 151 undefined on input line 10319.

[151] [152]
Chapter 16.
<web-client.png, id=1865, 602.25pt x 340.27126pt>
File: web-client.png Graphic file (type png)
<use web-client.png>
Package pdftex.def Info: web-client.png  used on input line 10338.
(pdftex.def)             Requested size: 602.24852pt x 340.27042pt.
File: web-client.png Graphic file (type png)
<use web-client.png>
Package pdftex.def Info: web-client.png  used on input line 10338.
(pdftex.def)             Requested size: 469.755pt x 265.42088pt.
<access-token.png, id=1866, 873.2625pt x 620.3175pt>
File: access-token.png Graphic file (type png)
<use access-token.png>
Package pdftex.def Info: access-token.png  used on input line 10342.
(pdftex.def)             Requested size: 873.26036pt x 620.316pt.
File: access-token.png Graphic file (type png)
<use access-token.png>
Package pdftex.def Info: access-token.png  used on input line 10342.
(pdftex.def)             Requested size: 469.755pt x 333.68866pt.
[153

 <./web-client.png (PNG copy)>]
<response.png, id=1873, 866.48718pt x 869.49844pt>
File: response.png Graphic file (type png)
<use response.png>
Package pdftex.def Info: response.png  used on input line 10348.
(pdftex.def)             Requested size: 866.48506pt x 869.49632pt.
File: response.png Graphic file (type png)
<use response.png>
Package pdftex.def Info: response.png  used on input line 10348.
(pdftex.def)             Requested size: 469.755pt x 471.39288pt.
 [154 <./access-token.png (PNG copy)>]
<spec.png, id=1878, 526.96875pt x 593.21625pt>
File: spec.png Graphic file (type png)
<use spec.png>
Package pdftex.def Info: spec.png  used on input line 10355.
(pdftex.def)             Requested size: 526.96745pt x 593.2148pt.
File: spec.png Graphic file (type png)
<use spec.png>
Package pdftex.def Info: spec.png  used on input line 10355.
(pdftex.def)             Requested size: 469.755pt x 528.83882pt.

[155 <./response.png (PNG copy)>] [156 <./spec.png (PNG copy)>]
Chapter 17.
[157

] [158]
Chapter 18.
[159

] [160

]
Chapter 19.
[161]
No file IvozProvider.ind.
Package atveryend Info: Empty hook `BeforeClearDocument' on input line 10605.
[162]
Package atveryend Info: Empty hook `AfterLastShipout' on input line 10605.
 (./IvozProvider.aux)
Package atveryend Info: Executing hook `AtVeryEndDocument' on input line 10605.

Package atveryend Info: Executing hook `AtEndAfterFileList' on input line 10605
.


Package rerunfilecheck Warning: File `IvozProvider.out' has changed.
(rerunfilecheck)                Rerun to get outlines right
(rerunfilecheck)                or use package `bookmark'.

Package rerunfilecheck Info: Checksums for `IvozProvider.out':
(rerunfilecheck)             Before: <no file>
(rerunfilecheck)             After:  1C119DA9D4D01D3E0D3C361433AB1C73;13629.

LaTeX Warning: There were undefined references.


LaTeX Warning: Label(s) may have changed. Rerun to get cross-references right.

 ) 
Here is how much of TeX's memory you used:
 16142 strings out of 494561
 288846 string characters out of 6177454
 290104 words of memory out of 5000000
 18225 multiletter control sequences out of 15000+600000
 59802 words of font info for 73 fonts, out of 8000000 for 9000
 15 hyphenation exceptions out of 8191
 44i,12n,49p,1201b,1391s stack positions out of 5000i,500n,10000p,200000b,80000s
{/usr/share/texlive/texmf-dist/fonts/enc/dvips/base/8r.enc}</usr/share/texliv
e/texmf-dist/fonts/type1/public/amsfonts/cm/cmmi5.pfb></usr/share/texlive/texmf
-dist/fonts/type1/public/amsfonts/cm/cmsy5.pfb></usr/share/texlive/texmf-dist/f
onts/type1/urw/courier/ucrr8a.pfb></usr/share/texlive/texmf-dist/fonts/type1/ur
w/helvetic/uhvb8a.pfb></usr/share/texlive/texmf-dist/fonts/type1/urw/helvetic/u
hvbo8a.pfb></usr/share/texlive/texmf-dist/fonts/type1/urw/times/utmb8a.pfb></us
r/share/texlive/texmf-dist/fonts/type1/urw/times/utmbi8a.pfb></usr/share/texliv
e/texmf-dist/fonts/type1/urw/times/utmr8a.pfb></usr/share/texlive/texmf-dist/fo
nts/type1/urw/times/utmri8a.pfb>
Output written on IvozProvider.pdf (166 pages, 3124420 bytes).
PDF statistics:
 2230 PDF objects out of 2487 (max. 8388607)
 1998 compressed objects within 20 object streams
 1248 named destinations out of 1440 (max. 500000)
 141 words of extra memory for PDF output out of 10000 (max. 10000000)

